2024-10-09T10:22:32.296Z [[32minfo[39m]: Server started and running on port 3000
2024-10-09T10:22:35.234Z [[32minfo[39m]: GET /api/products/stockTranferList?Branch_id=101 200 - 513ms
2024-10-09T10:22:44.568Z [[32minfo[39m]: GET /api/products/stockTranferList?Branch_id=101 200 - 117ms
2024-10-09T10:22:44.747Z [[32minfo[39m]: GET /favicon.ico 404 - 1ms
2024-10-09T10:34:16.553Z [[32minfo[39m]: GET /api/products/stockTranferList?Branch_id=101 200 - 914ms
2024-10-09T10:34:35.109Z [[32minfo[39m]: GET /api/products/getProductById?TransferId=110400013351 200 - 780ms
2024-10-09T10:34:46.839Z [[32minfo[39m]: POST /api/products/updateStockTransferStatus 200 - 79ms
2024-10-09T10:46:26.475Z [[32minfo[39m]: GET /api/products/stockTranferList?Branch_id=101 200 - 743ms
2024-10-09T10:46:34.747Z [[32minfo[39m]: GET /api/products/getProductById?TransferId=110400013351 200 - 216ms
2024-10-09T10:46:39.283Z [[32minfo[39m]: POST /api/products/updateStockTransferStatus 200 - 93ms
2024-10-09T11:30:39.697Z [[32minfo[39m]: Server started and running on port 3000
2024-10-09T11:31:31.379Z [[32minfo[39m]: Server started and running on port 3000
2024-10-09T11:31:43.391Z [[31merror[39m]: Error fetching product: Invalid object name 'TEST.ITM.ProdCodeMaster'.
2024-10-09T11:31:43.395Z [[32minfo[39m]: GET /api/products/getProductById?TransferId=110400013351 500 - 496ms
2024-10-09T11:31:57.706Z [[32minfo[39m]: Server started and running on port 3000
2024-10-09T11:32:01.851Z [[31merror[39m]: Error fetching product: Invalid object name 'ITM.ProdCodeMaster'.
2024-10-09T11:32:01.855Z [[32minfo[39m]: GET /api/products/getProductById?TransferId=110400013351 500 - 405ms
2024-10-09T11:32:20.743Z [[32minfo[39m]: Server started and running on port 3000
2024-10-09T11:32:25.251Z [[32minfo[39m]: GET /api/products/getProductById?TransferId=110400013351 200 - 812ms
2024-10-09T11:33:03.761Z [[32minfo[39m]: GET /api/products/getProductById?TransferId=110100055626 200 - 915ms
2024-10-09T11:35:49.949Z [[32minfo[39m]: GET /api/products/stockTranferList?Branch_id=101 200 - 787ms
2024-10-09T11:37:36.986Z [[32minfo[39m]: GET /api/products/stockTranferList?TranferBranchId=101 200 - 464ms
2024-10-09T12:55:15.827Z [[32minfo[39m]: Server started and running on port 3000
2024-10-09T12:57:42.851Z [[31merror[39m]: Error fetching products: Parameters were not supplied for the function 'STK.FunTransferInbox'.
2024-10-09T12:57:42.854Z [[32minfo[39m]: GET /api/products/stockTranferList?Branch_id=101 500 - 396ms
2024-10-09T13:00:13.729Z [[32minfo[39m]: Server started and running on port 3000
2024-10-09T13:00:17.468Z [[31merror[39m]: Error fetching products: Invalid column name 'STK'.
2024-10-09T13:00:17.470Z [[32minfo[39m]: GET /api/products/stockTranferList?Branch_id=101 500 - 305ms
2024-10-09T13:04:05.215Z [[32minfo[39m]: Server started and running on port 3000
2024-10-09T13:04:09.935Z [[31merror[39m]: Error fetching products: Invalid column name 'STK'.
2024-10-09T13:04:09.938Z [[32minfo[39m]: GET /api/products/stockTranferList?Branch_id=101 500 - 387ms
2024-10-09T13:04:20.930Z [[32minfo[39m]: Server started and running on port 3000
2024-10-09T13:04:21.738Z [[31merror[39m]: Error fetching products: Invalid column name 'SALES'.
2024-10-09T13:04:21.741Z [[32minfo[39m]: GET /api/products/stockTranferList?Branch_id=101 500 - 291ms
2024-10-09T13:04:46.936Z [[32minfo[39m]: Server started and running on port 3000
2024-10-09T13:05:04.647Z [[32minfo[39m]: Server started and running on port 3000
2024-10-09T13:05:08.245Z [[31merror[39m]: Error fetching products: Invalid column name 'STK'.
2024-10-09T13:05:08.248Z [[32minfo[39m]: GET /api/products/stockTranferList?Branch_id=101 500 - 495ms
2024-10-09T13:05:25.680Z [[32minfo[39m]: Server started and running on port 3000
2024-10-09T13:05:27.032Z [[31merror[39m]: Error fetching products: An object or column name is missing or empty. For SELECT INTO statements, verify each column has a name. For other statements, look for empty alias names. Aliases defined as "" or [] are not allowed. Change the alias to a valid name.
2024-10-09T13:05:27.035Z [[32minfo[39m]: GET /api/products/stockTranferList?Branch_id=101 500 - 430ms
2024-10-09T13:05:47.188Z [[32minfo[39m]: Server started and running on port 3000
2024-10-09T13:05:48.382Z [[31merror[39m]: Error fetching products: Invalid column name '1'.
2024-10-09T13:05:48.385Z [[32minfo[39m]: GET /api/products/stockTranferList?Branch_id=101 500 - 301ms
2024-10-09T13:06:00.749Z [[32minfo[39m]: Server started and running on port 3000
2024-10-09T13:06:01.736Z [[31merror[39m]: Error fetching products: Invalid column name 'stk'.
2024-10-09T13:06:01.738Z [[32minfo[39m]: GET /api/products/stockTranferList?Branch_id=101 500 - 301ms
2024-10-09T13:06:30.118Z [[32minfo[39m]: Server started and running on port 3000
2024-10-09T13:06:32.691Z [[31merror[39m]: Error fetching products: Invalid column name 'stk'.
2024-10-09T13:06:32.695Z [[32minfo[39m]: GET /api/products/stockTranferList?Branch_id=101 500 - 314ms
2024-10-09T13:06:48.617Z [[32minfo[39m]: Server started and running on port 3000
2024-10-09T13:06:56.775Z [[31merror[39m]: Error fetching products: Invalid column name ''Pending Transfer'.
2024-10-09T13:06:56.778Z [[32minfo[39m]: GET /api/products/stockTranferList?Branch_id=101 500 - 315ms
2024-10-09T13:07:09.883Z [[32minfo[39m]: Server started and running on port 3000
2024-10-09T13:07:11.361Z [[31merror[39m]: Error fetching products: Invalid column name '111'.
2024-10-09T13:07:11.363Z [[32minfo[39m]: GET /api/products/stockTranferList?Branch_id=101 500 - 316ms
2024-10-09T13:07:38.822Z [[32minfo[39m]: Server started and running on port 3000
2024-10-09T13:07:43.240Z [[32minfo[39m]: GET /api/products/stockTranferList?Branch_id=101 200 - 500ms
2024-10-09T13:09:10.484Z [[32minfo[39m]: Server started and running on port 3000
2024-10-09T13:10:24.154Z [[32minfo[39m]: Server started and running on port 3000
2024-10-09T13:10:25.940Z [[31merror[39m]: Error fetching products: Incorrect syntax near '1'.
2024-10-09T13:10:25.943Z [[32minfo[39m]: GET /api/products/stockTranferList?Branch_id=101 500 - 355ms
2024-10-09T13:10:35.640Z [[32minfo[39m]: Server started and running on port 3000
2024-10-09T13:10:37.151Z [[32minfo[39m]: GET /api/products/stockTranferList?Branch_id=101 200 - 617ms
2024-10-09T13:10:45.778Z [[32minfo[39m]: Server started and running on port 3000
2024-10-09T13:10:49.885Z [[32minfo[39m]: GET /api/products/stockTranferList?Branch_id=101 200 - 671ms
2024-10-09T13:10:55.142Z [[32minfo[39m]: Server started and running on port 3000
2024-10-09T13:11:28.236Z [[32minfo[39m]: GET /api/products/stockTranferList?Branch_id=101 200 - 548ms
2024-10-09T13:15:07.691Z [[32minfo[39m]: Server started and running on port 3000
2024-10-09T13:15:16.704Z [[32minfo[39m]: POST /api/products/updateStockTransferStatus 200 - 392ms
