2024-10-09T11:31:43.391Z [[31merror[39m]: Error fetching product: Invalid object name 'TEST.ITM.ProdCodeMaster'.
2024-10-09T11:32:01.851Z [[31merror[39m]: Error fetching product: Invalid object name 'ITM.ProdCodeMaster'.
2024-10-09T12:57:42.851Z [[31merror[39m]: Error fetching products: Parameters were not supplied for the function 'STK.FunTransferInbox'.
2024-10-09T13:00:17.468Z [[31merror[39m]: Error fetching products: Invalid column name 'STK'.
2024-10-09T13:04:09.935Z [[31merror[39m]: Error fetching products: Invalid column name 'STK'.
2024-10-09T13:04:21.738Z [[31merror[39m]: Error fetching products: Invalid column name 'SALES'.
2024-10-09T13:05:08.245Z [[31merror[39m]: Error fetching products: Invalid column name 'STK'.
2024-10-09T13:05:27.032Z [[31merror[39m]: Error fetching products: An object or column name is missing or empty. For SELECT INTO statements, verify each column has a name. For other statements, look for empty alias names. Aliases defined as "" or [] are not allowed. Change the alias to a valid name.
2024-10-09T13:05:48.382Z [[31merror[39m]: Error fetching products: Invalid column name '1'.
2024-10-09T13:06:01.736Z [[31merror[39m]: Error fetching products: Invalid column name 'stk'.
2024-10-09T13:06:32.691Z [[31merror[39m]: Error fetching products: Invalid column name 'stk'.
2024-10-09T13:06:56.775Z [[31merror[39m]: Error fetching products: Invalid column name ''Pending Transfer'.
2024-10-09T13:07:11.361Z [[31merror[39m]: Error fetching products: Invalid column name '111'.
2024-10-09T13:10:25.940Z [[31merror[39m]: Error fetching products: Incorrect syntax near '1'.
2024-10-10T10:05:27.315Z [[31merror[39m]: Error fetching product: Incorrect syntax near '.'.
2024-10-11T08:57:06.841Z [[31merror[39m]: Error fetching product: The multi-part identifier "IM.ItemNamePrint" could not be bound.
2024-10-11T08:57:21.584Z [[31merror[39m]: Error fetching product: The multi-part identifier "STM.EntryId" could not be bound.
2024-10-11T09:13:01.185Z [[31merror[39m]: Error fetching product: Invalid column name 'Status'.
2024-10-11T09:13:49.074Z [[31merror[39m]: Error fetching product: Invalid column name 'WstPerc'.
2024-10-11T09:37:22.531Z [[31merror[39m]: Error fetching product: The multi-part identifier "STD.ProdCodeId" could not be bound.
2024-10-11T10:04:47.906Z [[31merror[39m]: Error fetching product: Incorrect syntax near the keyword 'FROM'.
2024-10-11T10:05:26.208Z [[31merror[39m]: Error fetching product: Incorrect syntax near the keyword 'FROM'.
2024-10-11T10:05:58.677Z [[31merror[39m]: Error fetching product: Incorrect syntax near the keyword 'FROM'.
2024-10-11T10:06:21.830Z [[31merror[39m]: Error fetching product: Incorrect syntax near the keyword 'FROM'.
2024-11-25T07:30:13.387Z [[31merror[39m]: Error fetching product: The multi-part identifier "PM.Pr_StAmt" could not be bound.
2024-11-25T07:30:26.108Z [[31merror[39m]: Error fetching product: The multi-part identifier "PM.Pr_StAmt" could not be bound.
2024-11-25T07:41:45.511Z [[31merror[39m]: Error fetching product: Incorrect syntax near '.'.
2024-11-25T07:42:09.407Z [[31merror[39m]: Error fetching product: The multi-part identifier "PM.Pr_StAmt" could not be bound.
